2024-12-12 12:08:32,814 [INFO] Google API Key successfully retrieved.
2024-12-12 12:08:32,814 [INFO] API queries_quota: 60
2024-12-12 12:09:53,992 [INFO] Google API Key successfully retrieved.
2024-12-12 12:09:53,993 [INFO] API queries_quota: 60
2024-12-12 12:10:22,852 [INFO] Google API Key successfully retrieved.
2024-12-12 12:10:22,852 [INFO] API queries_quota: 60
2024-12-12 12:10:28,043 [INFO] Cost matrix created successfully.
2024-12-12 12:10:28,074 [INFO] Solving TSP using CVXPY...
2024-12-12 12:10:29,115 [INFO] Optimal Value (Total Travel Time in minutes): 1000770.5333333333
2024-12-12 12:10:29,115 [INFO] Optimal Route: [0, np.int64(4), np.int64(6), np.int64(8), np.int64(9), np.int64(10), np.int64(7), np.int64(11), np.int64(5), np.int64(3), np.int64(2), np.int64(1), np.int64(0)]
2024-12-12 12:10:29,116 [INFO] Optimal Route: ['Berlin Residence, Berlin, Germany', 'East Side Gallery, Berlin, Germany', 'Pier 39, San Francisco, CA', "Bob's Doughnuts, San Francisco, CA", '851 California St, San Francisco, CA', 'Union Square, San Francisco, CA', 'Salesforce Park, San Francisco, CA', 'San Francisco International Airport (SFO)', 'Berlin Brandenburg Airport (BER)', 'Tempelhofer Feld, Berlin, Germany', 'Berlin Zoological Garden, Berlin, Germany', 'Berlin TV Tower, Berlin, Germany', 'Berlin Residence, Berlin, Germany']
2024-12-12 12:10:29,238 [WARNING] Directions API returned no results for East Side Gallery, Berlin, Germany to Pier 39, San Francisco, CA
2024-12-12 12:10:29,287 [WARNING] Directions API returned no results for San Francisco International Airport (SFO) to Berlin Brandenburg Airport (BER)
2024-12-12 12:10:29,391 [INFO] Total Travel Time (Detailed): 770.48 minutes
2024-12-12 12:14:03,470 [INFO] Google API Key successfully retrieved.
2024-12-12 12:14:03,470 [INFO] API queries_quota: 60
2024-12-12 12:14:36,164 [INFO] Google API Key successfully retrieved.
2024-12-12 12:14:36,164 [INFO] API queries_quota: 60
2024-12-12 12:14:41,149 [INFO] Cost matrix created successfully.
2024-12-12 12:14:41,177 [INFO] Solving TSP using CVXPY...
2024-12-12 12:14:41,263 [ERROR] No solution found.
2024-12-12 12:14:41,264 [ERROR] Failed to find a valid TSP route.
2024-12-12 12:16:26,720 [INFO] Google API Key successfully retrieved.
2024-12-12 12:16:26,721 [INFO] API queries_quota: 60
2024-12-12 12:16:32,011 [INFO] Cost matrix created successfully.
2024-12-12 12:16:32,012 [INFO] Cost Matrix:
2024-12-12 12:16:32,013 [INFO] 1000000.00       9.10      19.97      17.57       8.08      33.63 1000000.00 1000000.00 1000000.00 1000000.00 1000000.00 1000000.00
2024-12-12 12:16:32,013 [INFO]       6.75 1000000.00      18.08      18.27       9.17      34.73 1000000.00 1000000.00 1000000.00 1000000.00 1000000.00 1000000.00
2024-12-12 12:16:32,013 [INFO]      22.40      17.25 1000000.00      14.83      21.85      26.30 1000000.00 1000000.00 1000000.00 1000000.00 1000000.00 1000000.00
2024-12-12 12:16:32,013 [INFO]      19.02      16.85      14.88 1000000.00      15.65      15.27 1000000.00 1000000.00 1000000.00 1000000.00 1000000.00 1000000.00
2024-12-12 12:16:32,013 [INFO]       8.88      11.32      22.17      16.70 1000000.00      26.52 1000000.00 1000000.00 1000000.00 1000000.00 1000000.00 1000000.00
2024-12-12 12:16:32,013 [INFO]      38.65      37.30      28.32      17.38      28.62 1000000.00 1000000.00 1000000.00 1000000.00 1000000.00 1000000.00     660.00
2024-12-12 12:16:32,014 [INFO] 1000000.00 1000000.00 1000000.00 1000000.00 1000000.00 1000000.00 1000000.00      12.92      12.78      12.92      15.93      29.27
2024-12-12 12:16:32,014 [INFO] 1000000.00 1000000.00 1000000.00 1000000.00 1000000.00 1000000.00      14.47 1000000.00      11.57       8.02       6.20      17.40
2024-12-12 12:16:32,014 [INFO] 1000000.00 1000000.00 1000000.00 1000000.00 1000000.00 1000000.00      11.58      11.02 1000000.00       5.22       8.28      22.60
2024-12-12 12:16:32,014 [INFO] 1000000.00 1000000.00 1000000.00 1000000.00 1000000.00 1000000.00      10.38       7.65       5.67 1000000.00       4.95      22.93
2024-12-12 12:16:32,014 [INFO] 1000000.00 1000000.00 1000000.00 1000000.00 1000000.00 1000000.00      13.77       5.83       9.82       6.45 1000000.00      17.95
2024-12-12 12:16:32,014 [INFO] 1000000.00 1000000.00 1000000.00 1000000.00 1000000.00     660.00      31.50      21.82      26.98      24.97      23.15 1000000.00
2024-12-12 12:16:32,043 [INFO] Number of constraints: 171
2024-12-12 12:16:32,044 [INFO] Attempting to solve TSP...
2024-12-12 12:16:32,126 [INFO] Problem status: optimal
2024-12-12 12:16:32,126 [ERROR] No next node found
2024-12-12 12:16:32,127 [ERROR] Failed to find a valid TSP route.
2024-12-12 12:17:27,692 [INFO] Google API Key successfully retrieved.
2024-12-12 12:17:27,693 [INFO] API queries_quota: 60
2024-12-12 12:17:32,771 [INFO] Cost matrix created successfully.
2024-12-12 12:17:32,801 [INFO] Solving TSP using CVXPY...
2024-12-12 12:17:32,885 [ERROR] No solution found.
2024-12-12 12:17:32,886 [ERROR] Failed to find a valid TSP route.
2024-12-12 12:17:46,132 [INFO] Google API Key successfully retrieved.
2024-12-12 12:17:46,132 [INFO] API queries_quota: 60
2024-12-12 12:17:48,954 [INFO] Cost matrix created successfully.
2024-12-12 12:17:48,980 [INFO] Solving TSP using CVXPY...
2024-12-12 12:17:49,100 [INFO] Optimal Value (Total Travel Time in minutes): 1000775.7666666666
2024-12-12 12:17:49,100 [INFO] Optimal Route: [0, np.int64(4), np.int64(3), np.int64(5), np.int64(11), np.int64(7), np.int64(10), np.int64(9), np.int64(8), np.int64(6), np.int64(2), np.int64(1), np.int64(0)]
2024-12-12 12:17:49,102 [INFO] Optimal Route: ['Berlin Residence, Berlin, Germany', 'East Side Gallery, Berlin, Germany', 'Tempelhofer Feld, Berlin, Germany', 'Berlin Brandenburg Airport (BER)', 'San Francisco International Airport (SFO)', 'Salesforce Park, San Francisco, CA', 'Union Square, San Francisco, CA', '851 California St, San Francisco, CA', "Bob's Doughnuts, San Francisco, CA", 'Pier 39, San Francisco, CA', 'Berlin Zoological Garden, Berlin, Germany', 'Berlin TV Tower, Berlin, Germany', 'Berlin Residence, Berlin, Germany']
2024-12-12 12:17:49,246 [WARNING] Directions API returned no results for Berlin Brandenburg Airport (BER) to San Francisco International Airport (SFO)
2024-12-12 12:17:49,268 [WARNING] Directions API returned no results for Pier 39, San Francisco, CA to Berlin Zoological Garden, Berlin, Germany
2024-12-12 12:20:12,136 [INFO] Google API Key successfully retrieved.
2024-12-12 12:20:12,137 [INFO] API queries_quota: 60
2024-12-12 12:20:17,578 [INFO] Cost matrix created successfully.
2024-12-12 12:20:17,610 [INFO] Solving TSP using CVXPY...
2024-12-12 12:20:17,736 [INFO] Optimal Value (Total Travel Time in minutes): 1000775.7666666666
2024-12-12 12:20:17,736 [INFO] Optimal Route: [0, np.int64(4), np.int64(3), np.int64(5), np.int64(11), np.int64(7), np.int64(10), np.int64(9), np.int64(8), np.int64(6), np.int64(2), np.int64(1), np.int64(0)]
2024-12-12 12:20:17,737 [INFO] Optimal Route: ['Berlin Residence, Berlin, Germany', 'East Side Gallery, Berlin, Germany', 'Tempelhofer Feld, Berlin, Germany', 'Berlin Brandenburg Airport (BER)', 'San Francisco International Airport (SFO)', 'Salesforce Park, San Francisco, CA', 'Union Square, San Francisco, CA', '851 California St, San Francisco, CA', "Bob's Doughnuts, San Francisco, CA", 'Pier 39, San Francisco, CA', 'Berlin Zoological Garden, Berlin, Germany', 'Berlin TV Tower, Berlin, Germany', 'Berlin Residence, Berlin, Germany']
2024-12-12 12:20:17,894 [WARNING] Directions API returned no results for Pier 39, San Francisco, CA to Berlin Zoological Garden, Berlin, Germany
2024-12-12 12:20:17,903 [WARNING] Directions API returned no results for Berlin Brandenburg Airport (BER) to San Francisco International Airport (SFO)
2024-12-12 12:20:17,987 [INFO] Total Travel Time (Detailed): 775.72 minutes
2024-12-12 12:26:10,950 [INFO] Google API Key successfully retrieved.
2024-12-12 12:26:10,950 [INFO] API queries_quota: 60
2024-12-12 12:26:16,376 [INFO] Cost matrix created successfully.
2024-12-12 12:26:47,278 [INFO] Google API Key successfully retrieved.
2024-12-12 12:26:47,278 [INFO] API queries_quota: 60
2024-12-12 12:26:52,326 [INFO] Cost matrix created successfully.
2024-12-12 12:26:52,358 [INFO] Solving TSP using CVXPY...
2024-12-12 12:36:17,094 [INFO] Google API Key successfully retrieved.
2024-12-12 12:36:17,094 [INFO] API queries_quota: 60
2024-12-12 12:36:23,367 [INFO] Cost matrix created successfully.
2024-12-12 12:36:23,404 [INFO] Solving TSP with soft constraints...
2024-12-12 12:36:23,941 [INFO] Optimal Value (Total Travel Time in minutes): 1100770.5333333332
2024-12-12 12:36:23,941 [INFO] Optimal Route: [0, np.int64(4), np.int64(6), np.int64(8), np.int64(9), np.int64(10), np.int64(7), np.int64(11), np.int64(5), np.int64(3), np.int64(2), np.int64(1)]
2024-12-12 12:36:23,942 [INFO] Optimal Route: ['Berlin Residence, Berlin, Germany', 'East Side Gallery, Berlin, Germany', 'Pier 39, San Francisco, CA', "Bob's Doughnuts, San Francisco, CA", '851 California St, San Francisco, CA', 'Union Square, San Francisco, CA', 'Salesforce Park, San Francisco, CA', 'San Francisco International Airport (SFO)', 'Berlin Brandenburg Airport (BER)', 'Tempelhofer Feld, Berlin, Germany', 'Berlin Zoological Garden, Berlin, Germany', 'Berlin TV Tower, Berlin, Germany']
2024-12-12 12:36:24,057 [WARNING] Directions API returned no results for East Side Gallery, Berlin, Germany to Pier 39, San Francisco, CA
2024-12-12 12:36:24,099 [WARNING] Directions API returned no results for San Francisco International Airport (SFO) to Berlin Brandenburg Airport (BER)
2024-12-12 12:36:24,149 [INFO] Total Travel Time (Detailed): 763.75 minutes
2024-12-12 12:44:40,855 [INFO] Google API Key successfully retrieved.
2024-12-12 12:44:40,856 [INFO] API queries_quota: 60
2024-12-12 12:44:46,613 [INFO] Cost matrix created successfully.
2024-12-12 12:44:46,647 [INFO] Solving TSP with mandatory flight legs...
2024-12-12 12:44:46,759 [ERROR] No solution found.
2024-12-12 12:44:46,761 [ERROR] Failed to find a valid TSP route.
2024-12-12 12:47:00,631 [INFO] Google API Key successfully retrieved.
2024-12-12 12:47:00,632 [INFO] API queries_quota: 60
2024-12-12 12:47:05,905 [INFO] Cost matrix created successfully.
2024-12-12 12:47:05,931 [INFO] Solving TSP with mandatory flight legs...
2024-12-12 12:47:06,036 [ERROR] No solution found.
2024-12-12 12:47:06,037 [ERROR] Failed to find a valid TSP route.
2024-12-12 12:51:32,964 [INFO] Google API Key successfully retrieved.
2024-12-12 12:51:32,964 [INFO] API queries_quota: 60
2024-12-12 12:51:39,043 [INFO] Cost matrix created successfully.
2024-12-12 12:51:39,082 [INFO] Solving TSP with mandatory flight legs...
2024-12-12 12:51:39,205 [ERROR] No solution found.
2024-12-12 12:51:39,206 [ERROR] Failed to find a valid TSP route.
2024-12-12 12:52:24,937 [INFO] Google API Key successfully retrieved.
2024-12-12 12:52:24,937 [INFO] API queries_quota: 60
2024-12-12 12:52:30,526 [INFO] Cost matrix created successfully.
2024-12-12 12:52:30,570 [INFO] Solving TSP using CVXPY...
2024-12-12 12:52:30,805 [INFO] Optimal Value (Total Travel Time in minutes): 1000775.7666666666
2024-12-12 12:52:30,806 [INFO] Optimal Route: [0, np.int64(4), np.int64(3), np.int64(5), np.int64(11), np.int64(7), np.int64(10), np.int64(9), np.int64(8), np.int64(6), np.int64(2), np.int64(1), np.int64(0)]
2024-12-12 12:52:30,807 [INFO] Optimal Route: ['Berlin Residence, Berlin, Germany', 'East Side Gallery, Berlin, Germany', 'Tempelhofer Feld, Berlin, Germany', 'Berlin Brandenburg Airport (BER)', 'San Francisco International Airport (SFO)', 'Salesforce Park, San Francisco, CA', 'Union Square, San Francisco, CA', '851 California St, San Francisco, CA', "Bob's Doughnuts, San Francisco, CA", 'Pier 39, San Francisco, CA', 'Berlin Zoological Garden, Berlin, Germany', 'Berlin TV Tower, Berlin, Germany', 'Berlin Residence, Berlin, Germany']
2024-12-12 12:52:30,921 [WARNING] Directions API returned no results for Pier 39, San Francisco, CA to Berlin Zoological Garden, Berlin, Germany
2024-12-12 12:52:30,955 [WARNING] Directions API returned no results for Berlin Brandenburg Airport (BER) to San Francisco International Airport (SFO)
2024-12-12 12:52:31,043 [INFO] Total Travel Time (Detailed): 775.72 minutes
2024-12-12 12:54:08,816 [INFO] Google API Key successfully retrieved.
2024-12-12 12:54:08,816 [INFO] API queries_quota: 60
2024-12-12 12:54:13,957 [INFO] Cost matrix created successfully.
2024-12-12 12:54:13,991 [INFO] Solving TSP using CVXPY...
2024-12-12 12:54:14,173 [INFO] Problem Status: optimal
2024-12-12 12:54:14,173 [INFO] Optimal Value (Total Travel Time in minutes): 1000770.5333333333
2024-12-12 12:54:14,173 [INFO] Optimal Route: [0, np.int64(4), np.int64(6), np.int64(8), np.int64(9), np.int64(10), np.int64(7), np.int64(11), np.int64(5), np.int64(3), np.int64(2), np.int64(1), np.int64(0)]
2024-12-12 12:54:14,174 [INFO] Optimal Route: ['Berlin Residence, Berlin, Germany', 'East Side Gallery, Berlin, Germany', 'Pier 39, San Francisco, CA', "Bob's Doughnuts, San Francisco, CA", '851 California St, San Francisco, CA', 'Union Square, San Francisco, CA', 'Salesforce Park, San Francisco, CA', 'San Francisco International Airport (SFO)', 'Berlin Brandenburg Airport (BER)', 'Tempelhofer Feld, Berlin, Germany', 'Berlin Zoological Garden, Berlin, Germany', 'Berlin TV Tower, Berlin, Germany', 'Berlin Residence, Berlin, Germany']
2024-12-12 12:54:14,241 [WARNING] Directions API returned no results for East Side Gallery, Berlin, Germany to Pier 39, San Francisco, CA
2024-12-12 12:54:14,350 [WARNING] Directions API returned no results for San Francisco International Airport (SFO) to Berlin Brandenburg Airport (BER)
2024-12-12 12:54:14,394 [INFO] Total Travel Time (Detailed): 770.48 minutes
2024-12-12 13:21:29,599 [INFO] Google API Key successfully retrieved.
2024-12-12 13:21:29,599 [INFO] API queries_quota: 60
2024-12-12 13:21:36,287 [INFO] Cost matrix created successfully.
2024-12-12 13:21:36,314 [INFO] Solving TSP using CVXPY...
2024-12-12 13:21:36,931 [ERROR] No solution found. Problem status: infeasible
2024-12-12 13:21:36,932 [ERROR] Failed to find a valid TSP route.
2024-12-12 13:22:07,531 [INFO] Google API Key successfully retrieved.
2024-12-12 13:22:07,532 [INFO] API queries_quota: 60
2024-12-12 13:22:12,820 [INFO] Cost matrix created successfully.
2024-12-12 13:22:45,962 [INFO] Google API Key successfully retrieved.
2024-12-12 13:22:45,962 [INFO] API queries_quota: 60
2024-12-12 13:22:51,102 [INFO] Cost matrix created successfully.
2024-12-12 13:22:51,136 [INFO] Solving TSP using CVXPY...
2024-12-12 13:22:51,913 [INFO] Problem Status: optimal
2024-12-12 13:22:51,914 [INFO] Optimal Value (Total Travel Time in minutes): 1000770.5333333333
2024-12-12 13:22:51,914 [INFO] Optimal Route: [0, np.int64(4), np.int64(6), np.int64(8), np.int64(9), np.int64(10), np.int64(7), np.int64(11), np.int64(5), np.int64(3), np.int64(2), np.int64(1), np.int64(0)]
2024-12-12 13:22:51,915 [INFO] Optimal Route: ['Berlin Residence, Berlin, Germany', 'East Side Gallery, Berlin, Germany', 'Pier 39, San Francisco, CA', "Bob's Doughnuts, San Francisco, CA", '851 California St, San Francisco, CA', 'Union Square, San Francisco, CA', 'Salesforce Park, San Francisco, CA', 'San Francisco International Airport (SFO)', 'Berlin Brandenburg Airport (BER)', 'Tempelhofer Feld, Berlin, Germany', 'Berlin Zoological Garden, Berlin, Germany', 'Berlin TV Tower, Berlin, Germany', 'Berlin Residence, Berlin, Germany']
2024-12-12 13:22:52,057 [WARNING] Directions API returned no results for East Side Gallery, Berlin, Germany to Pier 39, San Francisco, CA
2024-12-12 13:22:52,080 [WARNING] Directions API returned no results for San Francisco International Airport (SFO) to Berlin Brandenburg Airport (BER)
2024-12-12 13:22:52,170 [INFO] Total Travel Time (Detailed): 770.48 minutes
2024-12-12 13:24:57,063 [INFO] Google API Key successfully retrieved.
2024-12-12 13:24:57,064 [INFO] API queries_quota: 60
2024-12-12 13:25:01,941 [INFO] Cost matrix created successfully.
2024-12-12 13:25:01,981 [INFO] Solving TSP using CVXPY...
2024-12-12 13:25:02,137 [ERROR] No solution found. Problem status: infeasible
2024-12-12 13:25:02,138 [ERROR] Failed to find a valid TSP route.
2024-12-12 13:25:36,721 [INFO] Google API Key successfully retrieved.
2024-12-12 13:25:36,722 [INFO] API queries_quota: 60
2024-12-12 13:25:42,016 [INFO] Cost matrix created successfully.
2024-12-12 13:25:42,052 [INFO] Solving TSP using CVXPY...
2024-12-12 13:25:43,092 [ERROR] No solution found. Problem status: infeasible
2024-12-12 13:25:43,093 [ERROR] Failed to find a valid TSP route.
